<?xml version="1.0" encoding="UTF-8"?>
<!-- Generated by org.testng.reporters.JUnitXMLReporter -->
<testsuite ignored="0" hostname="LIN-5CG3051P6R" failures="0" tests="3" name="EdgeTest" time="30.254" errors="0" timestamp="2024-08-20T10:22:25 IST">
  <testcase classname="Parameterizationj.ParamTest" name="testLogo" time="0.023"/>
  <testcase classname="Parameterizationj.ParamTest" name="testTitle" time="0.006"/>
  <testcase classname="Parameterizationj.ParamTest" name="testURL" time="0.005"/>
</testsuite> <!-- EdgeTest -->
