<?xml version="1.0" encoding="UTF-8"?>
<!-- Generated by org.testng.reporters.JUnitXMLReporter -->
<testsuite ignored="3" hostname="LIN-5CG3051P6R" failures="0" tests="5" name="grouping" time="0.054" errors="0" timestamp="2024-08-17T19:19:57 IST">
  <testcase classname="Grouping.SignupTests" name="signupByEmail" time="0.009"/>
  <testcase classname="Grouping.SignupTests" name="signupByFacebook" time="0.001"/>
  <testcase classname="Grouping.SignupTests" name="signupByTwitter" time="0.0"/>
  <testcase classname="Grouping.PaymentTests" name="paymentinRupees" time="0.001"/>
  <testcase classname="Grouping.PaymentTests" name="paymentinDollars" time="0.001"/>
  <testcase classname="Grouping.LoginTests" name="LoginByTwitter" time="0.0">
    <ignored/>
  </testcase> <!-- LoginByTwitter -->
  <testcase classname="Grouping.LoginTests" name="LoginByEmail" time="0.0">
    <ignored/>
  </testcase> <!-- LoginByEmail -->
  <testcase classname="Grouping.LoginTests" name="LoginByFacebook" time="0.0">
    <ignored/>
  </testcase> <!-- LoginByFacebook -->
</testsuite> <!-- grouping -->
