<?xml version="1.0" encoding="UTF-8"?>
<!-- Generated by org.testng.reporters.JUnitXMLReporter -->
<testsuite ignored="0" hostname="LIN-5CG3051P6R" failures="0" tests="3" name="Test" time="62.991" errors="0" timestamp="2024-08-20T10:00:39 IST">
  <testcase classname="Parameterizationj.ParamTest" name="testLogo" time="0.036"/>
  <testcase classname="Parameterizationj.ParamTest" name="testTitle" time="0.005"/>
  <testcase classname="Parameterizationj.ParamTest" name="testURL" time="0.005"/>
</testsuite> <!-- Test -->
