<?xml version="1.0" encoding="UTF-8"?>
<testng-results ignored="0" total="1" passed="1" failed="0" skipped="0">
  <reporter-output>
  </reporter-output>
  <suite started-at="2024-08-20T16:37:36 IST" name="Default suite" finished-at="2024-08-20T16:37:53 IST" duration-ms="16624">
    <groups>
    </groups>
    <test started-at="2024-08-20T16:37:36 IST" name="Default test" finished-at="2024-08-20T16:37:53 IST" duration-ms="16624">
      <class name="PageObjectModel.LoginTest">
        <test-method is-config="true" signature="setup()[pri:0, instance:PageObjectModel.LoginTest@5b03b9fe]" started-at="2024-08-20T16:37:36 IST" name="setup" finished-at="2024-08-20T16:37:50 IST" duration-ms="14003" status="PASS">
          <reporter-output>
          </reporter-output>
        </test-method> <!-- setup -->
        <test-method signature="testLogin()[pri:0, instance:PageObjectModel.LoginTest@5b03b9fe]" started-at="2024-08-20T16:37:50 IST" name="testLogin" finished-at="2024-08-20T16:37:52 IST" duration-ms="2229" status="PASS">
          <reporter-output>
          </reporter-output>
        </test-method> <!-- testLogin -->
        <test-method is-config="true" signature="tearDown()[pri:0, instance:PageObjectModel.LoginTest@5b03b9fe]" started-at="2024-08-20T16:37:52 IST" name="tearDown" finished-at="2024-08-20T16:37:53 IST" duration-ms="353" status="PASS">
          <reporter-output>
          </reporter-output>
        </test-method> <!-- tearDown -->
      </class> <!-- PageObjectModel.LoginTest -->
    </test> <!-- Default test -->
  </suite> <!-- Default suite -->
</testng-results>
